0 info it worked if it ends with ok
1 verbose cli [ '/usr/local/bin/node',
1 verbose cli   '/usr/local/bin/npm',
1 verbose cli   'install',
1 verbose cli   'express-generator',
1 verbose cli   '-g' ]
2 info using npm@2.15.9
3 info using node@v4.6.0
4 verbose install initial load of /usr/local/lib/package.json
5 verbose readDependencies loading dependencies from /usr/local/lib/package.json
6 silly cache add args [ 'express-generator', null ]
7 verbose cache add spec express-generator
8 silly cache add parsed spec Result {
8 silly cache add   raw: 'express-generator',
8 silly cache add   scope: null,
8 silly cache add   name: 'express-generator',
8 silly cache add   rawSpec: '',
8 silly cache add   spec: 'latest',
8 silly cache add   type: 'tag' }
9 silly addNamed express-generator@latest
10 verbose addNamed "latest" is being treated as a dist-tag for express-generator
11 info addNameTag [ 'express-generator', 'latest' ]
12 silly mapToRegistry name express-generator
13 silly mapToRegistry using default registry
14 silly mapToRegistry registry https://registry.npmjs.org/
15 silly mapToRegistry data Result {
15 silly mapToRegistry   raw: 'express-generator',
15 silly mapToRegistry   scope: null,
15 silly mapToRegistry   name: 'express-generator',
15 silly mapToRegistry   rawSpec: '',
15 silly mapToRegistry   spec: 'latest',
15 silly mapToRegistry   type: 'tag' }
16 silly mapToRegistry uri https://registry.npmjs.org/express-generator
17 verbose addNameTag registry:https://registry.npmjs.org/express-generator not in flight; fetching
18 verbose request uri https://registry.npmjs.org/express-generator
19 verbose request no auth needed
20 info attempt registry request try #1 at 10:07:43 AM
21 verbose request id 031b6433f1a1f373
22 verbose etag "EBQWT2XKP8QV9MMJXYDJADA62"
23 http request GET https://registry.npmjs.org/express-generator
24 http 200 https://registry.npmjs.org/express-generator
25 verbose headers { server: 'CouchDB/1.6.1 (Erlang OTP/R16B03)',
25 verbose headers   etag: '"B8SSCHGEGPIB91RPU6MDHIB94"',
25 verbose headers   'content-type': 'application/json',
25 verbose headers   'content-encoding': 'gzip',
25 verbose headers   'cache-control': 'max-age=300',
25 verbose headers   'content-length': '4755',
25 verbose headers   'accept-ranges': 'bytes',
25 verbose headers   date: 'Tue, 18 Oct 2016 14:07:43 GMT',
25 verbose headers   via: '1.1 varnish',
25 verbose headers   age: '0',
25 verbose headers   connection: 'keep-alive',
25 verbose headers   'x-served-by': 'cache-iad2141-IAD',
25 verbose headers   'x-cache': 'HIT',
25 verbose headers   'x-cache-hits': '1',
25 verbose headers   'x-timer': 'S1476799663.732284,VS0,VE102',
25 verbose headers   vary: 'Accept-Encoding' }
26 silly get cb [ 200,
26 silly get   { server: 'CouchDB/1.6.1 (Erlang OTP/R16B03)',
26 silly get     etag: '"B8SSCHGEGPIB91RPU6MDHIB94"',
26 silly get     'content-type': 'application/json',
26 silly get     'content-encoding': 'gzip',
26 silly get     'cache-control': 'max-age=300',
26 silly get     'content-length': '4755',
26 silly get     'accept-ranges': 'bytes',
26 silly get     date: 'Tue, 18 Oct 2016 14:07:43 GMT',
26 silly get     via: '1.1 varnish',
26 silly get     age: '0',
26 silly get     connection: 'keep-alive',
26 silly get     'x-served-by': 'cache-iad2141-IAD',
26 silly get     'x-cache': 'HIT',
26 silly get     'x-cache-hits': '1',
26 silly get     'x-timer': 'S1476799663.732284,VS0,VE102',
26 silly get     vary: 'Accept-Encoding' } ]
27 verbose get saving express-generator to /Users/dmahendran/.npm/registry.npmjs.org/express-generator/.cache.json
28 verbose correctMkdir /Users/dmahendran/.npm correctMkdir not in flight; initializing
29 silly addNameTag next cb for express-generator with tag latest
30 silly addNamed express-generator@4.13.4
31 verbose addNamed "4.13.4" is a plain semver version for express-generator
32 silly cache afterAdd express-generator@4.13.4
33 verbose afterAdd /Users/dmahendran/.npm/express-generator/4.13.4/package/package.json not in flight; writing
34 verbose correctMkdir /Users/dmahendran/.npm correctMkdir not in flight; initializing
35 verbose afterAdd /Users/dmahendran/.npm/express-generator/4.13.4/package/package.json written
36 silly install resolved [ { name: 'express-generator',
36 silly install resolved     description: 'Express\' application generator',
36 silly install resolved     version: '4.13.4',
36 silly install resolved     author: { name: 'TJ Holowaychuk', email: 'tj@vision-media.ca' },
36 silly install resolved     contributors: [ [Object], [Object], [Object], [Object], [Object], [Object] ],
36 silly install resolved     keywords:
36 silly install resolved      [ 'express',
36 silly install resolved        'framework',
36 silly install resolved        'sinatra',
36 silly install resolved        'web',
36 silly install resolved        'rest',
36 silly install resolved        'restful',
36 silly install resolved        'router',
36 silly install resolved        'app',
36 silly install resolved        'api' ],
36 silly install resolved     repository:
36 silly install resolved      { type: 'git',
36 silly install resolved        url: 'git+https://github.com/expressjs/generator.git' },
36 silly install resolved     license: 'MIT',
36 silly install resolved     dependencies: { commander: '2.7.1', mkdirp: '0.5.1', 'sorted-object': '2.0.0' },
36 silly install resolved     main: 'bin/express',
36 silly install resolved     preferGlobal: true,
36 silly install resolved     bin: { express: './bin/express' },
36 silly install resolved     devDependencies: { mocha: '2.4.5', rimraf: '2.5.2', supertest: '1.2.0' },
36 silly install resolved     engines: { node: '>= 0.10' },
36 silly install resolved     files: [ 'LICENSE', 'bin/', 'templates/' ],
36 silly install resolved     scripts:
36 silly install resolved      { test: 'mocha --reporter spec --bail --check-leaks test/',
36 silly install resolved        'test-ci': 'mocha --reporter spec --check-leaks test/' },
36 silly install resolved     gitHead: 'f7b1543a297425f541f0b18c3312105c403a660f',
36 silly install resolved     bugs: { url: 'https://github.com/expressjs/generator/issues' },
36 silly install resolved     homepage: 'https://github.com/expressjs/generator',
36 silly install resolved     _id: 'express-generator@4.13.4',
36 silly install resolved     _shasum: '3abec2e5e7b548820075024954ff7fa6a447e5eb',
36 silly install resolved     _from: 'express-generator@latest',
36 silly install resolved     _npmVersion: '1.4.28',
36 silly install resolved     _npmUser: { name: 'dougwilson', email: 'doug@somethingdoug.com' },
36 silly install resolved     maintainers: [ [Object] ],
36 silly install resolved     dist:
36 silly install resolved      { shasum: '3abec2e5e7b548820075024954ff7fa6a447e5eb',
36 silly install resolved        tarball: 'https://registry.npmjs.org/express-generator/-/express-generator-4.13.4.tgz' },
36 silly install resolved     _npmOperationalInternal:
36 silly install resolved      { host: 'packages-16-east.internal.npmjs.com',
36 silly install resolved        tmp: 'tmp/express-generator-4.13.4.tgz_1466223574112_0.6206904440186918' },
36 silly install resolved     directories: {},
36 silly install resolved     _resolved: 'https://registry.npmjs.org/express-generator/-/express-generator-4.13.4.tgz',
36 silly install resolved     readme: 'ERROR: No README data found!' } ]
37 info install express-generator@4.13.4 into /usr/local/lib
38 info installOne express-generator@4.13.4
39 verbose installOne of express-generator to /usr/local/lib not in flight; installing
40 verbose correctMkdir /Users/dmahendran/.npm/_locks correctMkdir not in flight; initializing
41 verbose lock using /Users/dmahendran/.npm/_locks/express-generator-d3cc1706f4adef09.lock for /usr/local/lib/node_modules/express-generator
42 silly install write writing express-generator 4.13.4 to /usr/local/lib/node_modules/express-generator
43 verbose unbuild lib/node_modules/express-generator
44 silly gentlyRm /usr/local/lib/node_modules/express-generator is being purged from base /usr/local
45 verbose gentlyRm don't care about contents; nuking /usr/local/lib/node_modules/express-generator
46 verbose tar unpack /Users/dmahendran/.npm/express-generator/4.13.4/package.tgz
47 verbose tar unpacking to /usr/local/lib/node_modules/express-generator
48 silly gentlyRm /usr/local/lib/node_modules/express-generator is being purged
49 verbose gentlyRm don't care about contents; nuking /usr/local/lib/node_modules/express-generator
50 silly gunzTarPerm modes [ '755', '644' ]
51 error tar.unpack untar error /Users/dmahendran/.npm/express-generator/4.13.4/package.tgz
52 verbose unlock done using /Users/dmahendran/.npm/_locks/express-generator-d3cc1706f4adef09.lock for /usr/local/lib/node_modules/express-generator
53 verbose fstream_path /usr/local/lib/node_modules/express-generator
54 verbose fstream_type Directory
55 verbose fstream_class DirWriter
56 verbose stack Error: EACCES: permission denied, mkdir '/usr/local/lib/node_modules/express-generator'
56 verbose stack     at Error (native)
57 verbose fstream_stack /usr/local/lib/node_modules/npm/node_modules/fstream/lib/dir-writer.js:35:25
57 verbose fstream_stack /usr/local/lib/node_modules/npm/node_modules/mkdirp/index.js:47:53
57 verbose fstream_stack FSReqWrap.oncomplete (fs.js:82:15)
58 verbose cwd /Users/dmahendran/Documents/nodeApps/helloWorld
59 error Darwin 15.6.0
60 error argv "/usr/local/bin/node" "/usr/local/bin/npm" "install" "express-generator" "-g"
61 error node v4.6.0
62 error npm  v2.15.9
63 error path /usr/local/lib/node_modules/express-generator
64 error code EACCES
65 error errno -13
66 error syscall mkdir
67 error Error: EACCES: permission denied, mkdir '/usr/local/lib/node_modules/express-generator'
67 error     at Error (native)
67 error  { [Error: EACCES: permission denied, mkdir '/usr/local/lib/node_modules/express-generator']
67 error   errno: -13,
67 error   code: 'EACCES',
67 error   syscall: 'mkdir',
67 error   path: '/usr/local/lib/node_modules/express-generator',
67 error   fstream_type: 'Directory',
67 error   fstream_path: '/usr/local/lib/node_modules/express-generator',
67 error   fstream_class: 'DirWriter',
67 error   fstream_stack:
67 error    [ '/usr/local/lib/node_modules/npm/node_modules/fstream/lib/dir-writer.js:35:25',
67 error      '/usr/local/lib/node_modules/npm/node_modules/mkdirp/index.js:47:53',
67 error      'FSReqWrap.oncomplete (fs.js:82:15)' ] }
68 error Please try running this command again as root/Administrator.
69 verbose exit [ -13, true ]
70 verbose unbuild lib/node_modules/express-generator
71 silly gentlyRm /usr/local/lib/node_modules/express-generator is being purged from base /usr/local
72 verbose gentlyRm don't care about contents; nuking /usr/local/lib/node_modules/express-generator
